<?xml version="1.0" encoding="UTF-8"?><testsuites failures="0" name="dependency-check" tests="12"><testsuite failures="0" id="0" name="/home/runner/.gradle/caches/modules-2/files-2.1/org.jetbrains/annotations/13.0/919f0dfe192fb4e063e7dacadee7f8bb9a2672a9/annotations-13.0.jar" package="annotations-13.0.jar" skipped="0" tests="1" timestamp="2022-02-15T21:23:33.686551"><testcase classname="dependency-check" name="annotations-13.0.jar"/></testsuite><testsuite failures="0" id="1" name="/home/runner/work/gradle-by-example/gradle-by-example/build.gradle" package="app.jar (project :app)" skipped="0" tests="1" timestamp="2022-02-15T21:23:33.686551"><testcase classname="dependency-check" name="app.jar (project :app)"/></testsuite><testsuite failures="0" id="2" name="/home/runner/.gradle/caches/modules-2/files-2.1/org.apache.commons/commons-lang3/3.11/68e9a6adf7cf8eb7e9d31bbc554c7c75eeaac568/commons-lang3-3.11.jar" package="commons-lang3-3.11.jar" skipped="0" tests="1" timestamp="2022-02-15T21:23:33.686551"><testcase classname="dependency-check" name="commons-lang3-3.11.jar"/></testsuite><testsuite failures="0" id="3" name="/home/runner/.gradle/caches/modules-2/files-2.1/org.apache.commons/commons-text/1.9/ba6ac8c2807490944a0a27f6f8e68fb5ed2e80e2/commons-text-1.9.jar" package="commons-text-1.9.jar" skipped="0" tests="1" timestamp="2022-02-15T21:23:33.686551"><testcase classname="dependency-check" name="commons-text-1.9.jar"/></testsuite><testsuite failures="0" id="4" name="/home/runner/.gradle/caches/modules-2/files-2.1/io.github.microutils/kotlin-logging-jvm/2.1.21/7a65a2789a27c67c281a4fe9e78689cf5e2b36d8/kotlin-logging-jvm-2.1.21.jar" package="kotlin-logging-jvm-2.1.21.jar" skipped="0" tests="1" timestamp="2022-02-15T21:23:33.686551"><testcase classname="dependency-check" name="kotlin-logging-jvm-2.1.21.jar"/></testsuite><testsuite failures="0" id="5" name="/home/runner/.gradle/caches/modules-2/files-2.1/org.jetbrains.kotlin/kotlin-stdlib/1.6.10/b8af3fe6f1ca88526914929add63cf5e7c5049af/kotlin-stdlib-1.6.10.jar" package="kotlin-stdlib-1.6.10.jar" skipped="0" tests="1" timestamp="2022-02-15T21:23:33.686551"><testcase classname="dependency-check" name="kotlin-stdlib-1.6.10.jar"/></testsuite><testsuite failures="0" id="6" name="/home/runner/.gradle/caches/modules-2/files-2.1/org.jetbrains.kotlin/kotlin-stdlib-common/1.6.10/c118700e3a33c8a0d9adc920e9dec0831171925/kotlin-stdlib-common-1.6.10.jar" package="kotlin-stdlib-common-1.6.10.jar" skipped="0" tests="1" timestamp="2022-02-15T21:23:33.686551"><testcase classname="dependency-check" name="kotlin-stdlib-common-1.6.10.jar"/></testsuite><testsuite failures="0" id="7" name="/home/runner/.gradle/caches/modules-2/files-2.1/org.jetbrains.kotlin/kotlin-stdlib-jdk7/1.6.10/e1c380673654a089c4f0c9f83d0ddfdc1efdb498/kotlin-stdlib-jdk7-1.6.10.jar" package="kotlin-stdlib-jdk7-1.6.10.jar" skipped="0" tests="1" timestamp="2022-02-15T21:23:33.686551"><testcase classname="dependency-check" name="kotlin-stdlib-jdk7-1.6.10.jar"/></testsuite><testsuite failures="0" id="8" name="/home/runner/.gradle/caches/modules-2/files-2.1/org.jetbrains.kotlin/kotlin-stdlib-jdk8/1.6.10/e80fe6ac3c3573a80305f5ec43f86b829e8ab53d/kotlin-stdlib-jdk8-1.6.10.jar" package="kotlin-stdlib-jdk8-1.6.10.jar" skipped="0" tests="1" timestamp="2022-02-15T21:23:33.686551"><testcase classname="dependency-check" name="kotlin-stdlib-jdk8-1.6.10.jar"/></testsuite><testsuite failures="0" id="9" name="/home/runner/work/gradle-by-example/gradle-by-example/build.gradle" package="list.jar (project :list)" skipped="0" tests="1" timestamp="2022-02-15T21:23:33.686551"><testcase classname="dependency-check" name="list.jar (project :list)"/></testsuite><testsuite failures="0" id="10" name="/home/runner/.gradle/caches/modules-2/files-2.1/org.slf4j/slf4j-api/1.7.32/cdcff33940d9f2de763bc41ea05a0be5941176c3/slf4j-api-1.7.32.jar" package="slf4j-api-1.7.32.jar" skipped="0" tests="1" timestamp="2022-02-15T21:23:33.686551"><testcase classname="dependency-check" name="slf4j-api-1.7.32.jar"/></testsuite><testsuite failures="0" id="11" name="/home/runner/work/gradle-by-example/gradle-by-example/build.gradle" package="utilities.jar (project :utilities)" skipped="0" tests="1" timestamp="2022-02-15T21:23:33.686551"><testcase classname="dependency-check" name="utilities.jar (project :utilities)"/></testsuite></testsuites>